<?xml version="1.0" encoding="UTF-8"?>
<testsuite xmlns:xsi="http://www.w3.org/2001/XMLSchema-instance" xsi:noNamespaceSchemaLocation="https://maven.apache.org/surefire/maven-surefire-plugin/xsd/surefire-test-report-3.0.xsd" version="3.0" name="jar.AppTest" time="0.021" tests="1" errors="0" skipped="0" failures="0">
  <properties>
    <property name="sun.desktop" value="windows"/>
    <property name="awt.toolkit" value="sun.awt.windows.WToolkit"/>
    <property name="java.specification.version" value="11"/>
    <property name="sun.cpu.isalist" value="amd64"/>
    <property name="sun.jnu.encoding" value="Cp1252"/>
    <property name="java.class.path" value="F:\Swamedia\password-grant-type\target\test-classes;F:\Swamedia\password-grant-type\target\classes;C:\Users\lukma\.m2\repository\org\apache\oltu\oauth2\org.apache.oltu.oauth2.client\1.0.0\org.apache.oltu.oauth2.client-1.0.0.jar;C:\Users\lukma\.m2\repository\org\apache\oltu\oauth2\org.apache.oltu.oauth2.common\1.0.0\org.apache.oltu.oauth2.common-1.0.0.jar;C:\Users\lukma\.m2\repository\org\json\json\20131018\json-20131018.jar;C:\Users\lukma\.m2\repository\commons-codec\commons-codec\1.8\commons-codec-1.8.jar;C:\Users\lukma\.m2\repository\org\slf4j\slf4j-api\1.6.1\slf4j-api-1.6.1.jar;C:\Users\lukma\.m2\repository\org\wso2\carbon\identity\org.wso2.carbon.identity.oauth\5.0.7\org.wso2.carbon.identity.oauth-5.0.7.jar;C:\Users\lukma\.m2\repository\commons-lang\wso2\commons-lang\2.6.0.wso2v1\commons-lang-2.6.0.wso2v1.jar;C:\Users\lukma\.m2\repository\org\wso2\carbon\org.wso2.carbon.logging\4.4.3\org.wso2.carbon.logging-4.4.3.jar;C:\Users\lukma\.m2\repository\org\apache\log4j\wso2\log4j\1.2.17.wso2v1\log4j-1.2.17.wso2v1.jar;C:\Users\lukma\.m2\repository\org\wso2\carbon\org.wso2.carbon.bootstrap\4.4.3\org.wso2.carbon.bootstrap-4.4.3.jar;C:\Users\lukma\.m2\repository\wrapper\wrapper\3.2.3\wrapper-3.2.3.jar;C:\Users\lukma\.m2\repository\org\eclipse\osgi\org.eclipse.osgi\3.9.1.v20130814-1242\org.eclipse.osgi-3.9.1.v20130814-1242.jar;C:\Users\lukma\.m2\repository\org\wso2\carbon\javax.cache.wso2\4.4.3\javax.cache.wso2-4.4.3.jar;C:\Users\lukma\.m2\repository\org\apache\geronimo\specs\geronimo-jta_1.1_spec\1.1\geronimo-jta_1.1_spec-1.1.jar;C:\Users\lukma\.m2\repository\org\wso2\carbon\org.wso2.carbon.base\4.4.3\org.wso2.carbon.base-4.4.3.jar;C:\Users\lukma\.m2\repository\org\wso2\carbon\org.wso2.carbon.securevault\4.4.3\org.wso2.carbon.securevault-4.4.3.jar;C:\Users\lukma\.m2\repository\commons-codec\wso2\commons-codec\1.4.0.wso2v1\commons-codec-1.4.0.wso2v1.jar;C:\Users\lukma\.m2\repository\com\google\gdata\wso2\gdata-core\1.47.0.wso2v1\gdata-core-1.47.0.wso2v1.jar;C:\Users\lukma\.m2\repository\org\apache\ws\commons\axiom\wso2\axiom\1.2.11.wso2v9\axiom-1.2.11.wso2v9.jar;C:\Users\lukma\.m2\repository\org\apache\geronimo\specs\wso2\geronimo-stax-api_1.0_spec\1.0.1.wso2v2\geronimo-stax-api_1.0_spec-1.0.1.wso2v2.jar;C:\Users\lukma\.m2\repository\org\apache\geronimo\specs\geronimo-stax-api_1.0_spec\1.0.1\geronimo-stax-api_1.0_spec-1.0.1.jar;C:\Users\lukma\.m2\repository\org\codehaus\woodstox\woodstox-core-asl\4.2.0\woodstox-core-asl-4.2.0.jar;C:\Users\lukma\.m2\repository\org\codehaus\woodstox\stax2-api\3.1.1\stax2-api-3.1.1.jar;C:\Users\lukma\.m2\repository\javax\xml\stream\stax-api\1.0-2\stax-api-1.0-2.jar;C:\Users\lukma\.m2\repository\org\apache\axis2\wso2\axis2\1.6.1.wso2v12\axis2-1.6.1.wso2v12.jar;C:\Users\lukma\.m2\repository\org\wso2\carbon\org.wso2.carbon.utils\4.4.3\org.wso2.carbon.utils-4.4.3.jar;C:\Users\lukma\.m2\repository\org\bouncycastle\wso2\bcprov-jdk15on\1.49.0.wso2v2\bcprov-jdk15on-1.49.0.wso2v2.jar;C:\Users\lukma\.m2\repository\org\bouncycastle\bcprov-jdk15on\1.49\bcprov-jdk15on-1.49.jar;C:\Users\lukma\.m2\repository\org\wso2\carbon\org.wso2.carbon.queuing\4.4.3\org.wso2.carbon.queuing-4.4.3.jar;C:\Users\lukma\.m2\repository\org\igniterealtime\smack\wso2\smack\3.0.4.wso2v1\smack-3.0.4.wso2v1.jar;C:\Users\lukma\.m2\repository\org\igniterealtime\smack\wso2\smackx\3.0.4.wso2v1\smackx-3.0.4.wso2v1.jar;C:\Users\lukma\.m2\repository\jaxen\jaxen\1.1.1\jaxen-1.1.1.jar;C:\Users\lukma\.m2\repository\dom4j\dom4j\1.6.1\dom4j-1.6.1.jar;C:\Users\lukma\.m2\repository\jdom\jdom\1.0\jdom-1.0.jar;C:\Users\lukma\.m2\repository\xml-apis\xml-apis\1.3.02\xml-apis-1.3.02.jar;C:\Users\lukma\.m2\repository\xerces\xercesImpl\2.6.2\xercesImpl-2.6.2.jar;C:\Users\lukma\.m2\repository\xom\xom\1.0\xom-1.0.jar;C:\Users\lukma\.m2\repository\xerces\xmlParserAPIs\2.6.2\xmlParserAPIs-2.6.2.jar;C:\Users\lukma\.m2\repository\xalan\xalan\2.6.0\xalan-2.6.0.jar;C:\Users\lukma\.m2\repository\com\ibm\icu\icu4j\2.6.1\icu4j-2.6.1.jar;C:\Users\lukma\.m2\repository\commons-fileupload\wso2\commons-fileupload\1.2.2.wso2v1\commons-fileupload-1.2.2.wso2v1.jar;C:\Users\lukma\.m2\repository\commons-fileupload\commons-fileupload\1.2.2\commons-fileupload-1.2.2.jar;C:\Users\lukma\.m2\repository\org\apache\ant\wso2\ant\1.7.0.wso2v1\ant-1.7.0.wso2v1.jar;C:\Users\lukma\.m2\repository\org\apache\ant\ant\1.7.0\ant-1.7.0.jar;C:\Users\lukma\.m2\repository\org\apache\ant\ant-launcher\1.7.0\ant-launcher-1.7.0.jar;C:\Users\lukma\.m2\repository\org\eclipse\equinox\javax.servlet\3.0.0.v201112011016\javax.servlet-3.0.0.v201112011016.jar;C:\Users\lukma\.m2\repository\commons-httpclient\wso2\commons-httpclient\3.1.0.wso2v2\commons-httpclient-3.1.0.wso2v2.jar;C:\Users\lukma\.m2\repository\commons-httpclient\commons-httpclient\3.1\commons-httpclient-3.1.jar;C:\Users\lukma\.m2\repository\org\apache\commons\ssl\not-yet-commons-ssl\0.3.9\not-yet-commons-ssl-0.3.9.jar;C:\Users\lukma\.m2\repository\org\wso2\carbon\org.wso2.carbon.registry.api\4.4.3\org.wso2.carbon.registry.api-4.4.3.jar;C:\Users\lukma\.m2\repository\org\wso2\carbon\org.wso2.carbon.core\4.4.3\org.wso2.carbon.core-4.4.3.jar;C:\Users\lukma\.m2\repository\org\wso2\orbit\com\hazelcast\hazelcast\3.5.2.wso2v1\hazelcast-3.5.2.wso2v1.jar;C:\Users\lukma\.m2\repository\com\hazelcast\hazelcast-all\3.5.2\hazelcast-all-3.5.2.jar;C:\Users\lukma\.m2\repository\org\eclipse\osgi\org.eclipse.osgi.services\3.3.100.v20130513-1956\org.eclipse.osgi.services-3.3.100.v20130513-1956.jar;C:\Users\lukma\.m2\repository\org\eclipse\equinox\org.eclipse.equinox.http.helper\1.1.0.wso2v1\org.eclipse.equinox.http.helper-1.1.0.wso2v1.jar;C:\Users\lukma\.m2\repository\org\wso2\orbit\org\apache\neethi\neethi\2.0.4.wso2v5\neethi-2.0.4.wso2v5.jar;C:\Users\lukma\.m2\repository\org\apache\httpcomponents\wso2\httpcore\4.3.3.wso2v1\httpcore-4.3.3.wso2v1.jar;C:\Users\lukma\.m2\repository\org\apache\tomcat\tomcat-catalina-ha\7.0.59\tomcat-catalina-ha-7.0.59.jar;C:\Users\lukma\.m2\repository\org\apache\tomcat\tomcat-juli\7.0.59\tomcat-juli-7.0.59.jar;C:\Users\lukma\.m2\repository\org\apache\tomcat\tomcat-tribes\7.0.59\tomcat-tribes-7.0.59.jar;C:\Users\lukma\.m2\repository\org\apache\tomcat\tomcat-catalina\7.0.59\tomcat-catalina-7.0.59.jar;C:\Users\lukma\.m2\repository\org\apache\tomcat\tomcat-annotations-api\7.0.59\tomcat-annotations-api-7.0.59.jar;C:\Users\lukma\.m2\repository\org\apache\tomcat\tomcat-api\7.0.59\tomcat-api-7.0.59.jar;C:\Users\lukma\.m2\repository\org\apache\tomcat\tomcat-util\7.0.59\tomcat-util-7.0.59.jar;C:\Users\lukma\.m2\repository\wsdl4j\wso2\wsdl4j\1.6.2.wso2v4\wsdl4j-1.6.2.wso2v4.jar;C:\Users\lukma\.m2\repository\org\wso2\carbon\org.wso2.carbon.registry.core\4.4.3\org.wso2.carbon.registry.core-4.4.3.jar;C:\Users\lukma\.m2\repository\commons-io\wso2\commons-io\2.0.0.wso2v2\commons-io-2.0.0.wso2v2.jar;C:\Users\lukma\.m2\repository\net\sourceforge\findbugs\annotations\1.3.2\annotations-1.3.2.jar;C:\Users\lukma\.m2\repository\org\apache\ws\commons\schema\wso2\XmlSchema\1.4.7.wso2v3\XmlSchema-1.4.7.wso2v3.jar;C:\Users\lukma\.m2\repository\org\wso2\carbon\org.wso2.carbon.registry.xboot\4.4.3\org.wso2.carbon.registry.xboot-4.4.3.jar;C:\Users\lukma\.m2\repository\org\compass-project\wso2\compass\2.0.1.wso2v2\compass-2.0.1.wso2v2.jar;C:\Users\lukma\.m2\repository\org\apache\abdera\wso2\abdera\1.0.0.wso2v3\abdera-1.0.0.wso2v3.jar;C:\Users\lukma\.m2\repository\org\apache\poi\wso2\poi-scratchpad\3.9.0.wso2v1\poi-scratchpad-3.9.0.wso2v1.jar;C:\Users\lukma\.m2\repository\org\apache\poi\poi-scratchpad\3.9\poi-scratchpad-3.9.jar;C:\Users\lukma\.m2\repository\org\apache\poi\poi\3.9\poi-3.9.jar;C:\Users\lukma\.m2\repository\commons-pool\wso2\commons-pool\1.5.6.wso2v1\commons-pool-1.5.6.wso2v1.jar;C:\Users\lukma\.m2\repository\commons-pool\commons-pool\1.5.6\commons-pool-1.5.6.jar;C:\Users\lukma\.m2\repository\org\wso2\carbon\identity\org.wso2.carbon.identity.core\5.0.7\org.wso2.carbon.identity.core-5.0.7.jar;C:\Users\lukma\.m2\repository\org\wso2\carbon\identity\org.wso2.carbon.identity.base\5.0.7\org.wso2.carbon.identity.base-5.0.7.jar;C:\Users\lukma\.m2\repository\org\apache\rampart\wso2\rampart-core\1.6.1.wso2v17\rampart-core-1.6.1.wso2v17.jar;C:\Users\lukma\.m2\repository\org\apache\axis2\mex\1.6.1-wso2v11\mex-1.6.1-wso2v11-impl.jar;C:\Users\lukma\.m2\repository\org\apache\axis2\axis2-mtompolicy\1.6.1-wso2v11\axis2-mtompolicy-1.6.1-wso2v11.jar;C:\Users\lukma\.m2\repository\org\apache\ws\commons\axiom\axiom-dom\1.2.11-wso2v5\axiom-dom-1.2.11-wso2v5.jar;C:\Users\lukma\.m2\repository\org\apache\ws\security\wss4j\1.5.11-wso2v11\wss4j-1.5.11-wso2v11.jar;C:\Users\lukma\.m2\repository\org\apache\xalan\xalan\2.7.1\xalan-2.7.1.jar;C:\Users\lukma\.m2\repository\org\apache\santuario\xmlsec\1.4.2\xmlsec-1.4.2.jar;C:\Users\lukma\.m2\repository\org\opensaml\opensaml1\1.1\opensaml1-1.1.jar;C:\Users\lukma\.m2\repository\org\opensaml\opensaml\2.2.3\opensaml-2.2.3.jar;C:\Users\lukma\.m2\repository\org\opensaml\openws\1.2.2\openws-1.2.2.jar;C:\Users\lukma\.m2\repository\org\opensaml\xmltooling\1.2.0\xmltooling-1.2.0.jar;C:\Users\lukma\.m2\repository\org\slf4j\jcl-over-slf4j\1.5.5\jcl-over-slf4j-1.5.5.jar;C:\Users\lukma\.m2\repository\org\slf4j\log4j-over-slf4j\1.5.5\log4j-over-slf4j-1.5.5.jar;C:\Users\lukma\.m2\repository\joda-time\joda-time\1.5.2\joda-time-1.5.2.jar;C:\Users\lukma\.m2\repository\org\bouncycastle\bcprov-ext-jdk15\1.40\bcprov-ext-jdk15-1.40.jar;C:\Users\lukma\.m2\repository\net\jcip\jcip-annotations\1.0\jcip-annotations-1.0.jar;C:\Users\lukma\.m2\repository\commons-collections\commons-collections\3.1\commons-collections-3.1.jar;C:\Users\lukma\.m2\repository\jargs\jargs\1.0\jargs-1.0.jar;C:\Users\lukma\.m2\repository\velocity\velocity\1.5\velocity-1.5.jar;C:\Users\lukma\.m2\repository\org\apache\xerces\xml-apis\2.9.1\xml-apis-2.9.1.jar;C:\Users\lukma\.m2\repository\org\apache\xerces\xercesImpl\2.9.1\xercesImpl-2.9.1.jar;C:\Users\lukma\.m2\repository\org\apache\xerces\resolver\2.9.1\resolver-2.9.1.jar;C:\Users\lukma\.m2\repository\org\apache\xerces\serializer\2.9.1\serializer-2.9.1.jar;C:\Users\lukma\.m2\repository\org\slf4j\slf4j-jdk14\1.5.2\slf4j-jdk14-1.5.2.jar;C:\Users\lukma\.m2\repository\bouncycastle\bcprov-jdk14\140\bcprov-jdk14-140.jar;C:\Users\lukma\.m2\repository\org\apache\neethi\wso2\neethi\2.0.4.wso2v4\neethi-2.0.4.wso2v4.jar;C:\Users\lukma\.m2\repository\org\apache\neethi\neethi\2.0.4-wso2v4\neethi-2.0.4-wso2v4.jar;C:\Users\lukma\.m2\repository\org\apache\ws\security\wso2\wss4j\1.5.11.wso2v11\wss4j-1.5.11.wso2v11.jar;C:\Users\lukma\.m2\repository\org\wso2\orbit\org\apache\oltu\oauth2\oltu\1.0.0.wso2v3\oltu-1.0.0.wso2v3.jar;C:\Users\lukma\.m2\repository\org\wso2\carbon\identity\org.wso2.carbon.identity.oauth.common\5.0.7\org.wso2.carbon.identity.oauth.common-5.0.7.jar;C:\Users\lukma\.m2\repository\org\wso2\carbon\identity\org.wso2.carbon.idp.mgt\5.0.7\org.wso2.carbon.idp.mgt-5.0.7.jar;C:\Users\lukma\.m2\repository\opensaml\wso2\opensaml2\2.4.1.wso2v1\opensaml2-2.4.1.wso2v1.jar;C:\Users\lukma\.m2\repository\org\wso2\carbon\commons\org.wso2.carbon.tenant.common\4.4.8\org.wso2.carbon.tenant.common-4.4.8.jar;C:\Users\lukma\.m2\repository\org\wso2\carbon\commons\org.wso2.carbon.user.mgt\4.4.8\org.wso2.carbon.user.mgt-4.4.8.jar;C:\Users\lukma\.m2\repository\org\wso2\carbon\commons\org.wso2.carbon.user.mgt.common\4.4.8\org.wso2.carbon.user.mgt.common-4.4.8.jar;C:\Users\lukma\.m2\repository\org\wso2\carbon\commons\org.wso2.carbon.databridge.commons\4.4.8\org.wso2.carbon.databridge.commons-4.4.8.jar;C:\Users\lukma\.m2\repository\com\google\code\gson\gson\2.3.1\gson-2.3.1.jar;C:\Users\lukma\.m2\repository\org\apache\commons\commons-lang3\3.1\commons-lang3-3.1.jar;C:\Users\lukma\.m2\repository\org\wso2\carbon\commons\org.wso2.carbon.databridge.agent.thrift\4.4.8\org.wso2.carbon.databridge.agent.thrift-4.4.8.jar;C:\Users\lukma\.m2\repository\org\wso2\carbon\commons\org.wso2.carbon.databridge.commons.thrift\4.4.8\org.wso2.carbon.databridge.commons.thrift-4.4.8.jar;C:\Users\lukma\.m2\repository\slf4j\wso2\slf4j\1.5.10.wso2v1\slf4j-1.5.10.wso2v1.jar;C:\Users\lukma\.m2\repository\org\wso2\orbit\org\apache\httpcomponents\httpclient\4.3.1.wso2v2\httpclient-4.3.1.wso2v2.jar;C:\Users\lukma\.m2\repository\org\wso2\carbon\identity\org.wso2.carbon.identity.application.mgt\5.0.7\org.wso2.carbon.identity.application.mgt-5.0.7.jar;C:\Users\lukma\.m2\repository\commons-collections\wso2\commons-collections\3.2.0.wso2v1\commons-collections-3.2.0.wso2v1.jar;C:\Users\lukma\.m2\repository\org\wso2\carbon\identity\org.wso2.carbon.directory.server.manager\5.0.7\org.wso2.carbon.directory.server.manager-5.0.7.jar;C:\Users\lukma\.m2\repository\org\wso2\carbon\commons\org.wso2.carbon.wsdl2form\4.4.8\org.wso2.carbon.wsdl2form-4.4.8.jar;C:\Users\lukma\.m2\repository\xalan\wso2\xalan\2.7.1.wso2v1\xalan-2.7.1.wso2v1.jar;C:\Users\lukma\.m2\repository\org\wso2\carbon\identity\org.wso2.carbon.directory.server.manager.common\5.0.7\org.wso2.carbon.directory.server.manager.common-5.0.7.jar;C:\Users\lukma\.m2\repository\org\wso2\carbon\identity\org.wso2.carbon.security.mgt\5.0.7\org.wso2.carbon.security.mgt-5.0.7.jar;C:\Users\lukma\.m2\repository\org\apache\rampart\wso2\rampart-policy\1.6.1.wso2v17\rampart-policy-1.6.1.wso2v17.jar;C:\Users\lukma\.m2\repository\org\apache\rampart\wso2\rampart-trust\1.6.1.wso2v17\rampart-trust-1.6.1.wso2v17.jar;C:\Users\lukma\.m2\repository\org\apache\rampart\rampart-trust\1.6.1-wso2v17\rampart-trust-1.6.1-wso2v17.jar;C:\Users\lukma\.m2\repository\backport-util-concurrent\wso2\backport-util-concurrent\3.1.0.wso2v1\backport-util-concurrent-3.1.0.wso2v1.jar;C:\Users\lukma\.m2\repository\org\wso2\carbon\identity\org.wso2.carbon.user.mgt\5.0.7\org.wso2.carbon.user.mgt-5.0.7.jar;C:\Users\lukma\.m2\repository\org\wso2\carbon\identity\org.wso2.carbon.user.mgt.common\5.0.7\org.wso2.carbon.user.mgt.common-5.0.7.jar;C:\Users\lukma\.m2\repository\au\com\bytecode\opencsv\wso2\opencsv\1.8.wso2v1\opencsv-1.8.wso2v1.jar;C:\Users\lukma\.m2\repository\org\apache\poi\wso2\poi-ooxml\3.9.0.wso2v1\poi-ooxml-3.9.0.wso2v1.jar;C:\Users\lukma\.m2\repository\org\apache\poi\poi-ooxml\3.9\poi-ooxml-3.9.jar;C:\Users\lukma\.m2\repository\org\apache\poi\poi-ooxml-schemas\3.9\poi-ooxml-schemas-3.9.jar;C:\Users\lukma\.m2\repository\org\apache\xmlbeans\xmlbeans\2.3.0\xmlbeans-2.3.0.jar;C:\Users\lukma\.m2\repository\stax\stax-api\1.0.1\stax-api-1.0.1.jar;C:\Users\lukma\.m2\repository\org\wso2\carbon\identity\org.wso2.carbon.identity.application.common\5.0.7\org.wso2.carbon.identity.application.common-5.0.7.jar;C:\Users\lukma\.m2\repository\org\wso2\carbon\identity\org.wso2.carbon.identity.entitlement\5.0.7\org.wso2.carbon.identity.entitlement-5.0.7.jar;C:\Users\lukma\.m2\repository\org\wso2\balana\org.wso2.balana\1.0.2\org.wso2.balana-1.0.2.jar;C:\Users\lukma\.m2\repository\org\wso2\carbon\identity\org.wso2.carbon.identity.authenticator.thrift\5.0.7\org.wso2.carbon.identity.authenticator.thrift-5.0.7.jar;C:\Users\lukma\.m2\repository\org\wso2\carbon\org.wso2.carbon.core.services\4.4.3\org.wso2.carbon.core.services-4.4.3.jar;C:\Users\lukma\.m2\repository\org\wso2\carbon\identity\org.wso2.carbon.identity.entitlement.common\5.0.7\org.wso2.carbon.identity.entitlement.common-5.0.7.jar;C:\Users\lukma\.m2\repository\org\wso2\balana\org.wso2.balana.utils\1.0.2\org.wso2.balana.utils-1.0.2.jar;C:\Users\lukma\.m2\repository\libthrift\wso2\libthrift\0.8.0.wso2v1\libthrift-0.8.0.wso2v1.jar;C:\Users\lukma\.m2\repository\org\apache\thrift\libthrift\0.8.0\libthrift-0.8.0.jar;C:\Users\lukma\.m2\repository\org\apache\httpcomponents\httpclient\4.1.2\httpclient-4.1.2.jar;C:\Users\lukma\.m2\repository\org\apache\httpcomponents\httpcore\4.1.3\httpcore-4.1.3.jar;C:\Users\lukma\.m2\repository\org\apache\axis2\transport\axis2-transport-mail\1.1.0-wso2v13\axis2-transport-mail-1.1.0-wso2v13.jar;C:\Users\lukma\.m2\repository\javax\mail\mail\1.4.1\mail-1.4.1.jar;C:\Users\lukma\.m2\repository\javax\activation\activation\1.1\activation-1.1.jar;C:\Users\lukma\.m2\repository\org\apache\axis2\axis2-transport-base\1.6.1-wso2v12\axis2-transport-base-1.6.1-wso2v12.jar;C:\Users\lukma\.m2\repository\org\apache\axis2\axis2-kernel\1.6.1-wso2v12\axis2-kernel-1.6.1-wso2v12.jar;C:\Users\lukma\.m2\repository\org\apache\geronimo\specs\geronimo-ws-metadata_2.0_spec\1.1.2\geronimo-ws-metadata_2.0_spec-1.1.2.jar;C:\Users\lukma\.m2\repository\wsdl4j\wsdl4j\1.6.2\wsdl4j-1.6.2.jar;C:\Users\lukma\.m2\repository\org\apache\woden\woden-api\1.0M9\woden-api-1.0M9.jar;C:\Users\lukma\.m2\repository\org\apache\ws\commons\schema\XmlSchema\1.4.7\XmlSchema-1.4.7.jar;C:\Users\lukma\.m2\repository\org\apache\woden\woden-impl-dom\1.0M9\woden-impl-dom-1.0M9.jar;C:\Users\lukma\.m2\repository\org\apache\woden\woden-impl-commons\1.0M9\woden-impl-commons-1.0M9.jar;C:\Users\lukma\.m2\repository\javax\ws\rs\jsr311-api\1.0\jsr311-api-1.0.jar;C:\Users\lukma\.m2\repository\org\json\wso2\json\3.0.0.wso2v1\json-3.0.0.wso2v1.jar;C:\Users\lukma\.m2\repository\org\wso2\carbon\identity\org.wso2.carbon.identity.notification.mgt\5.0.7\org.wso2.carbon.identity.notification.mgt-5.0.7.jar;C:\Users\lukma\.m2\repository\tomcat\tomcat-util\3.3.2\tomcat-util-3.3.2.jar;C:\Users\lukma\.m2\repository\org\wso2\orbit\com\github\dblock\waffle\waffle-jna\1.6.wso2v4\waffle-jna-1.6.wso2v4.jar;C:\Users\lukma\.m2\repository\org\wso2\orbit\com\nimbusds\nimbus-jose-jwt\2.26.1.wso2v3\nimbus-jose-jwt-2.26.1.wso2v3.jar;C:\Users\lukma\.m2\repository\net\minidev\json-smart\1.3\json-smart-1.3.jar;C:\Users\lukma\.m2\repository\org\wso2\carbon\org.wso2.carbon.core.common\4.4.3\org.wso2.carbon.core.common-4.4.3.jar;C:\Users\lukma\.m2\repository\javax\servlet\servlet-api\2.5\servlet-api-2.5.jar;C:\Users\lukma\.m2\repository\org\wso2\carbon\identity\org.wso2.carbon.identity.application.authentication.framework\5.0.7\org.wso2.carbon.identity.application.authentication.framework-5.0.7.jar;C:\Users\lukma\.m2\repository\org\wso2\carbon\org.wso2.carbon.ui\4.4.3\org.wso2.carbon.ui-4.4.3.jar;C:\Users\lukma\.m2\repository\org\apache\tiles\wso2\tiles-jsp\2.0.5.wso2v1\tiles-jsp-2.0.5.wso2v1.jar;C:\Users\lukma\.m2\repository\org\wso2\carbon\org.wso2.carbon.authenticator.proxy\4.4.3\org.wso2.carbon.authenticator.proxy-4.4.3.jar;C:\Users\lukma\.m2\repository\org\wso2\carbon\org.wso2.carbon.authenticator.stub\4.4.3\org.wso2.carbon.authenticator.stub-4.4.3.jar;C:\Users\lukma\.m2\repository\org\eclipse\equinox\org.eclipse.equinox.http.servlet\1.1.400.v20130418-1354\org.eclipse.equinox.http.servlet-1.1.400.v20130418-1354.jar;C:\Users\lukma\.m2\repository\org\eclipse\equinox\org.apache.jasper.glassfish\2.2.2.v201205150955\org.apache.jasper.glassfish-2.2.2.v201205150955.jar;C:\Users\lukma\.m2\repository\org\eclipse\equinox\javax.servlet.jsp\2.2.0.v201112011158\javax.servlet.jsp-2.2.0.v201112011158.jar;C:\Users\lukma\.m2\repository\org\wso2\carbon\org.wso2.carbon.core.commons.stub\4.4.3\org.wso2.carbon.core.commons.stub-4.4.3.jar;C:\Users\lukma\.m2\repository\javax\servlet\jsp\jstl\wso2\jstl\1.2.1.wso2v2\jstl-1.2.1.wso2v2.jar;C:\Users\lukma\.m2\repository\org\wso2\carbon\identity\org.wso2.carbon.claim.mgt\5.0.7\org.wso2.carbon.claim.mgt-5.0.7.jar;C:\Users\lukma\.m2\repository\org\wso2\carbon\identity\org.wso2.carbon.identity.user.profile\5.0.7\org.wso2.carbon.identity.user.profile-5.0.7.jar;C:\Users\lukma\.m2\repository\org\wso2\carbon\identity\org.wso2.carbon.identity.user.store.configuration\5.0.7\org.wso2.carbon.identity.user.store.configuration-5.0.7.jar;C:\Users\lukma\.m2\repository\org\wso2\carbon\org.wso2.carbon.ndatasource.core\4.4.3\org.wso2.carbon.ndatasource.core-4.4.3.jar;C:\Users\lukma\.m2\repository\org\wso2\carbon\org.wso2.carbon.ndatasource.common\4.4.3\org.wso2.carbon.ndatasource.common-4.4.3.jar;C:\Users\lukma\.m2\repository\org\wso2\carbon\org.wso2.carbon.ndatasource.rdbms\4.4.3\org.wso2.carbon.ndatasource.rdbms-4.4.3.jar;C:\Users\lukma\.m2\repository\commons-logging\commons-logging\1.1.1\commons-logging-1.1.1.jar;C:\Users\lukma\.m2\repository\org\wso2\carbon\org.wso2.carbon.user.core\4.4.3\org.wso2.carbon.user.core-4.4.3.jar;C:\Users\lukma\.m2\repository\org\wso2\carbon\org.wso2.carbon.user.api\4.4.3\org.wso2.carbon.user.api-4.4.3.jar;C:\Users\lukma\.m2\repository\xerces\wso2\xercesImpl\2.8.1.wso2v2\xercesImpl-2.8.1.wso2v2.jar;C:\Users\lukma\.m2\repository\commons-dbcp\wso2\commons-dbcp\1.4.0.wso2v1\commons-dbcp-1.4.0.wso2v1.jar;C:\Users\lukma\.m2\repository\org\apache\tomcat\wso2\jdbc-pool\7.0.34.wso2v2\jdbc-pool-7.0.34.wso2v2.jar;C:\Users\lukma\.m2\repository\org\apache\tomcat\tomcat-jdbc\7.0.47\tomcat-jdbc-7.0.47.jar;C:\Users\lukma\.m2\repository\org\wso2\securevault\org.wso2.securevault\1.0.0-wso2v2\org.wso2.securevault-1.0.0-wso2v2.jar;C:\Users\lukma\.m2\repository\org\apache\ws\commons\axiom\axiom-api\1.2.11\axiom-api-1.2.11.jar;C:\Users\lukma\.m2\repository\org\apache\geronimo\specs\geronimo-activation_1.1_spec\1.0.2\geronimo-activation_1.1_spec-1.0.2.jar;C:\Users\lukma\.m2\repository\org\apache\geronimo\specs\geronimo-javamail_1.4_spec\1.6\geronimo-javamail_1.4_spec-1.6.jar;C:\Users\lukma\.m2\repository\org\apache\ws\commons\axiom\axiom-impl\1.2.11\axiom-impl-1.2.11.jar;C:\Users\lukma\.m2\repository\org\codehaus\woodstox\wstx-asl\3.2.9\wstx-asl-3.2.9.jar;C:\Users\lukma\.m2\repository\log4j\log4j\1.2.14\log4j-1.2.14.jar;C:\Users\lukma\.m2\repository\jline\jline\0.9.94\jline-0.9.94.jar;C:\Users\lukma\.m2\repository\junit\junit\3.8.1\junit-3.8.1.jar;C:\Users\lukma\.m2\repository\commons-cli\commons-cli\1.0\commons-cli-1.0.jar;C:\Users\lukma\.m2\repository\commons-lang\commons-lang\1.0\commons-lang-1.0.jar;C:\Users\lukma\.m2\repository\commons-io\commons-io\2.0\commons-io-2.0.jar;C:\Users\lukma\.m2\repository\org\wso2\orbit\commons-collections\commons-collections\3.2.2.wso2v1\commons-collections-3.2.2.wso2v1.jar;"/>
    <property name="java.vm.vendor" value="Oracle Corporation"/>
    <property name="sun.arch.data.model" value="64"/>
    <property name="user.variant" value=""/>
    <property name="java.vendor.url" value="https://openjdk.java.net/"/>
    <property name="user.timezone" value="Asia/Bangkok"/>
    <property name="java.vm.specification.version" value="11"/>
    <property name="os.name" value="Windows 11"/>
    <property name="sun.java.launcher" value="SUN_STANDARD"/>
    <property name="user.country" value="ID"/>
    <property name="sun.boot.library.path" value="C:\Program Files\Java\jdk-11.0.17\bin"/>
    <property name="sun.java.command" value="C:\Users\lukma\AppData\Local\Temp\surefire16479821903506960001\surefirebooter-20230330102246683_3.jar C:\Users\lukma\AppData\Local\Temp\surefire16479821903506960001 2023-03-30T10-22-46_089-jvmRun1 surefire-20230330102246683_1tmp surefire_0-20230330102246683_2tmp"/>
    <property name="jdk.debug" value="release"/>
    <property name="surefire.test.class.path" value="F:\Swamedia\password-grant-type\target\test-classes;F:\Swamedia\password-grant-type\target\classes;C:\Users\lukma\.m2\repository\org\apache\oltu\oauth2\org.apache.oltu.oauth2.client\1.0.0\org.apache.oltu.oauth2.client-1.0.0.jar;C:\Users\lukma\.m2\repository\org\apache\oltu\oauth2\org.apache.oltu.oauth2.common\1.0.0\org.apache.oltu.oauth2.common-1.0.0.jar;C:\Users\lukma\.m2\repository\org\json\json\20131018\json-20131018.jar;C:\Users\lukma\.m2\repository\commons-codec\commons-codec\1.8\commons-codec-1.8.jar;C:\Users\lukma\.m2\repository\org\slf4j\slf4j-api\1.6.1\slf4j-api-1.6.1.jar;C:\Users\lukma\.m2\repository\org\wso2\carbon\identity\org.wso2.carbon.identity.oauth\5.0.7\org.wso2.carbon.identity.oauth-5.0.7.jar;C:\Users\lukma\.m2\repository\commons-lang\wso2\commons-lang\2.6.0.wso2v1\commons-lang-2.6.0.wso2v1.jar;C:\Users\lukma\.m2\repository\org\wso2\carbon\org.wso2.carbon.logging\4.4.3\org.wso2.carbon.logging-4.4.3.jar;C:\Users\lukma\.m2\repository\org\apache\log4j\wso2\log4j\1.2.17.wso2v1\log4j-1.2.17.wso2v1.jar;C:\Users\lukma\.m2\repository\org\wso2\carbon\org.wso2.carbon.bootstrap\4.4.3\org.wso2.carbon.bootstrap-4.4.3.jar;C:\Users\lukma\.m2\repository\wrapper\wrapper\3.2.3\wrapper-3.2.3.jar;C:\Users\lukma\.m2\repository\org\eclipse\osgi\org.eclipse.osgi\3.9.1.v20130814-1242\org.eclipse.osgi-3.9.1.v20130814-1242.jar;C:\Users\lukma\.m2\repository\org\wso2\carbon\javax.cache.wso2\4.4.3\javax.cache.wso2-4.4.3.jar;C:\Users\lukma\.m2\repository\org\apache\geronimo\specs\geronimo-jta_1.1_spec\1.1\geronimo-jta_1.1_spec-1.1.jar;C:\Users\lukma\.m2\repository\org\wso2\carbon\org.wso2.carbon.base\4.4.3\org.wso2.carbon.base-4.4.3.jar;C:\Users\lukma\.m2\repository\org\wso2\carbon\org.wso2.carbon.securevault\4.4.3\org.wso2.carbon.securevault-4.4.3.jar;C:\Users\lukma\.m2\repository\commons-codec\wso2\commons-codec\1.4.0.wso2v1\commons-codec-1.4.0.wso2v1.jar;C:\Users\lukma\.m2\repository\com\google\gdata\wso2\gdata-core\1.47.0.wso2v1\gdata-core-1.47.0.wso2v1.jar;C:\Users\lukma\.m2\repository\org\apache\ws\commons\axiom\wso2\axiom\1.2.11.wso2v9\axiom-1.2.11.wso2v9.jar;C:\Users\lukma\.m2\repository\org\apache\geronimo\specs\wso2\geronimo-stax-api_1.0_spec\1.0.1.wso2v2\geronimo-stax-api_1.0_spec-1.0.1.wso2v2.jar;C:\Users\lukma\.m2\repository\org\apache\geronimo\specs\geronimo-stax-api_1.0_spec\1.0.1\geronimo-stax-api_1.0_spec-1.0.1.jar;C:\Users\lukma\.m2\repository\org\codehaus\woodstox\woodstox-core-asl\4.2.0\woodstox-core-asl-4.2.0.jar;C:\Users\lukma\.m2\repository\org\codehaus\woodstox\stax2-api\3.1.1\stax2-api-3.1.1.jar;C:\Users\lukma\.m2\repository\javax\xml\stream\stax-api\1.0-2\stax-api-1.0-2.jar;C:\Users\lukma\.m2\repository\org\apache\axis2\wso2\axis2\1.6.1.wso2v12\axis2-1.6.1.wso2v12.jar;C:\Users\lukma\.m2\repository\org\wso2\carbon\org.wso2.carbon.utils\4.4.3\org.wso2.carbon.utils-4.4.3.jar;C:\Users\lukma\.m2\repository\org\bouncycastle\wso2\bcprov-jdk15on\1.49.0.wso2v2\bcprov-jdk15on-1.49.0.wso2v2.jar;C:\Users\lukma\.m2\repository\org\bouncycastle\bcprov-jdk15on\1.49\bcprov-jdk15on-1.49.jar;C:\Users\lukma\.m2\repository\org\wso2\carbon\org.wso2.carbon.queuing\4.4.3\org.wso2.carbon.queuing-4.4.3.jar;C:\Users\lukma\.m2\repository\org\igniterealtime\smack\wso2\smack\3.0.4.wso2v1\smack-3.0.4.wso2v1.jar;C:\Users\lukma\.m2\repository\org\igniterealtime\smack\wso2\smackx\3.0.4.wso2v1\smackx-3.0.4.wso2v1.jar;C:\Users\lukma\.m2\repository\jaxen\jaxen\1.1.1\jaxen-1.1.1.jar;C:\Users\lukma\.m2\repository\dom4j\dom4j\1.6.1\dom4j-1.6.1.jar;C:\Users\lukma\.m2\repository\jdom\jdom\1.0\jdom-1.0.jar;C:\Users\lukma\.m2\repository\xml-apis\xml-apis\1.3.02\xml-apis-1.3.02.jar;C:\Users\lukma\.m2\repository\xerces\xercesImpl\2.6.2\xercesImpl-2.6.2.jar;C:\Users\lukma\.m2\repository\xom\xom\1.0\xom-1.0.jar;C:\Users\lukma\.m2\repository\xerces\xmlParserAPIs\2.6.2\xmlParserAPIs-2.6.2.jar;C:\Users\lukma\.m2\repository\xalan\xalan\2.6.0\xalan-2.6.0.jar;C:\Users\lukma\.m2\repository\com\ibm\icu\icu4j\2.6.1\icu4j-2.6.1.jar;C:\Users\lukma\.m2\repository\commons-fileupload\wso2\commons-fileupload\1.2.2.wso2v1\commons-fileupload-1.2.2.wso2v1.jar;C:\Users\lukma\.m2\repository\commons-fileupload\commons-fileupload\1.2.2\commons-fileupload-1.2.2.jar;C:\Users\lukma\.m2\repository\org\apache\ant\wso2\ant\1.7.0.wso2v1\ant-1.7.0.wso2v1.jar;C:\Users\lukma\.m2\repository\org\apache\ant\ant\1.7.0\ant-1.7.0.jar;C:\Users\lukma\.m2\repository\org\apache\ant\ant-launcher\1.7.0\ant-launcher-1.7.0.jar;C:\Users\lukma\.m2\repository\org\eclipse\equinox\javax.servlet\3.0.0.v201112011016\javax.servlet-3.0.0.v201112011016.jar;C:\Users\lukma\.m2\repository\commons-httpclient\wso2\commons-httpclient\3.1.0.wso2v2\commons-httpclient-3.1.0.wso2v2.jar;C:\Users\lukma\.m2\repository\commons-httpclient\commons-httpclient\3.1\commons-httpclient-3.1.jar;C:\Users\lukma\.m2\repository\org\apache\commons\ssl\not-yet-commons-ssl\0.3.9\not-yet-commons-ssl-0.3.9.jar;C:\Users\lukma\.m2\repository\org\wso2\carbon\org.wso2.carbon.registry.api\4.4.3\org.wso2.carbon.registry.api-4.4.3.jar;C:\Users\lukma\.m2\repository\org\wso2\carbon\org.wso2.carbon.core\4.4.3\org.wso2.carbon.core-4.4.3.jar;C:\Users\lukma\.m2\repository\org\wso2\orbit\com\hazelcast\hazelcast\3.5.2.wso2v1\hazelcast-3.5.2.wso2v1.jar;C:\Users\lukma\.m2\repository\com\hazelcast\hazelcast-all\3.5.2\hazelcast-all-3.5.2.jar;C:\Users\lukma\.m2\repository\org\eclipse\osgi\org.eclipse.osgi.services\3.3.100.v20130513-1956\org.eclipse.osgi.services-3.3.100.v20130513-1956.jar;C:\Users\lukma\.m2\repository\org\eclipse\equinox\org.eclipse.equinox.http.helper\1.1.0.wso2v1\org.eclipse.equinox.http.helper-1.1.0.wso2v1.jar;C:\Users\lukma\.m2\repository\org\wso2\orbit\org\apache\neethi\neethi\2.0.4.wso2v5\neethi-2.0.4.wso2v5.jar;C:\Users\lukma\.m2\repository\org\apache\httpcomponents\wso2\httpcore\4.3.3.wso2v1\httpcore-4.3.3.wso2v1.jar;C:\Users\lukma\.m2\repository\org\apache\tomcat\tomcat-catalina-ha\7.0.59\tomcat-catalina-ha-7.0.59.jar;C:\Users\lukma\.m2\repository\org\apache\tomcat\tomcat-juli\7.0.59\tomcat-juli-7.0.59.jar;C:\Users\lukma\.m2\repository\org\apache\tomcat\tomcat-tribes\7.0.59\tomcat-tribes-7.0.59.jar;C:\Users\lukma\.m2\repository\org\apache\tomcat\tomcat-catalina\7.0.59\tomcat-catalina-7.0.59.jar;C:\Users\lukma\.m2\repository\org\apache\tomcat\tomcat-annotations-api\7.0.59\tomcat-annotations-api-7.0.59.jar;C:\Users\lukma\.m2\repository\org\apache\tomcat\tomcat-api\7.0.59\tomcat-api-7.0.59.jar;C:\Users\lukma\.m2\repository\org\apache\tomcat\tomcat-util\7.0.59\tomcat-util-7.0.59.jar;C:\Users\lukma\.m2\repository\wsdl4j\wso2\wsdl4j\1.6.2.wso2v4\wsdl4j-1.6.2.wso2v4.jar;C:\Users\lukma\.m2\repository\org\wso2\carbon\org.wso2.carbon.registry.core\4.4.3\org.wso2.carbon.registry.core-4.4.3.jar;C:\Users\lukma\.m2\repository\commons-io\wso2\commons-io\2.0.0.wso2v2\commons-io-2.0.0.wso2v2.jar;C:\Users\lukma\.m2\repository\net\sourceforge\findbugs\annotations\1.3.2\annotations-1.3.2.jar;C:\Users\lukma\.m2\repository\org\apache\ws\commons\schema\wso2\XmlSchema\1.4.7.wso2v3\XmlSchema-1.4.7.wso2v3.jar;C:\Users\lukma\.m2\repository\org\wso2\carbon\org.wso2.carbon.registry.xboot\4.4.3\org.wso2.carbon.registry.xboot-4.4.3.jar;C:\Users\lukma\.m2\repository\org\compass-project\wso2\compass\2.0.1.wso2v2\compass-2.0.1.wso2v2.jar;C:\Users\lukma\.m2\repository\org\apache\abdera\wso2\abdera\1.0.0.wso2v3\abdera-1.0.0.wso2v3.jar;C:\Users\lukma\.m2\repository\org\apache\poi\wso2\poi-scratchpad\3.9.0.wso2v1\poi-scratchpad-3.9.0.wso2v1.jar;C:\Users\lukma\.m2\repository\org\apache\poi\poi-scratchpad\3.9\poi-scratchpad-3.9.jar;C:\Users\lukma\.m2\repository\org\apache\poi\poi\3.9\poi-3.9.jar;C:\Users\lukma\.m2\repository\commons-pool\wso2\commons-pool\1.5.6.wso2v1\commons-pool-1.5.6.wso2v1.jar;C:\Users\lukma\.m2\repository\commons-pool\commons-pool\1.5.6\commons-pool-1.5.6.jar;C:\Users\lukma\.m2\repository\org\wso2\carbon\identity\org.wso2.carbon.identity.core\5.0.7\org.wso2.carbon.identity.core-5.0.7.jar;C:\Users\lukma\.m2\repository\org\wso2\carbon\identity\org.wso2.carbon.identity.base\5.0.7\org.wso2.carbon.identity.base-5.0.7.jar;C:\Users\lukma\.m2\repository\org\apache\rampart\wso2\rampart-core\1.6.1.wso2v17\rampart-core-1.6.1.wso2v17.jar;C:\Users\lukma\.m2\repository\org\apache\axis2\mex\1.6.1-wso2v11\mex-1.6.1-wso2v11-impl.jar;C:\Users\lukma\.m2\repository\org\apache\axis2\axis2-mtompolicy\1.6.1-wso2v11\axis2-mtompolicy-1.6.1-wso2v11.jar;C:\Users\lukma\.m2\repository\org\apache\ws\commons\axiom\axiom-dom\1.2.11-wso2v5\axiom-dom-1.2.11-wso2v5.jar;C:\Users\lukma\.m2\repository\org\apache\ws\security\wss4j\1.5.11-wso2v11\wss4j-1.5.11-wso2v11.jar;C:\Users\lukma\.m2\repository\org\apache\xalan\xalan\2.7.1\xalan-2.7.1.jar;C:\Users\lukma\.m2\repository\org\apache\santuario\xmlsec\1.4.2\xmlsec-1.4.2.jar;C:\Users\lukma\.m2\repository\org\opensaml\opensaml1\1.1\opensaml1-1.1.jar;C:\Users\lukma\.m2\repository\org\opensaml\opensaml\2.2.3\opensaml-2.2.3.jar;C:\Users\lukma\.m2\repository\org\opensaml\openws\1.2.2\openws-1.2.2.jar;C:\Users\lukma\.m2\repository\org\opensaml\xmltooling\1.2.0\xmltooling-1.2.0.jar;C:\Users\lukma\.m2\repository\org\slf4j\jcl-over-slf4j\1.5.5\jcl-over-slf4j-1.5.5.jar;C:\Users\lukma\.m2\repository\org\slf4j\log4j-over-slf4j\1.5.5\log4j-over-slf4j-1.5.5.jar;C:\Users\lukma\.m2\repository\joda-time\joda-time\1.5.2\joda-time-1.5.2.jar;C:\Users\lukma\.m2\repository\org\bouncycastle\bcprov-ext-jdk15\1.40\bcprov-ext-jdk15-1.40.jar;C:\Users\lukma\.m2\repository\net\jcip\jcip-annotations\1.0\jcip-annotations-1.0.jar;C:\Users\lukma\.m2\repository\commons-collections\commons-collections\3.1\commons-collections-3.1.jar;C:\Users\lukma\.m2\repository\jargs\jargs\1.0\jargs-1.0.jar;C:\Users\lukma\.m2\repository\velocity\velocity\1.5\velocity-1.5.jar;C:\Users\lukma\.m2\repository\org\apache\xerces\xml-apis\2.9.1\xml-apis-2.9.1.jar;C:\Users\lukma\.m2\repository\org\apache\xerces\xercesImpl\2.9.1\xercesImpl-2.9.1.jar;C:\Users\lukma\.m2\repository\org\apache\xerces\resolver\2.9.1\resolver-2.9.1.jar;C:\Users\lukma\.m2\repository\org\apache\xerces\serializer\2.9.1\serializer-2.9.1.jar;C:\Users\lukma\.m2\repository\org\slf4j\slf4j-jdk14\1.5.2\slf4j-jdk14-1.5.2.jar;C:\Users\lukma\.m2\repository\bouncycastle\bcprov-jdk14\140\bcprov-jdk14-140.jar;C:\Users\lukma\.m2\repository\org\apache\neethi\wso2\neethi\2.0.4.wso2v4\neethi-2.0.4.wso2v4.jar;C:\Users\lukma\.m2\repository\org\apache\neethi\neethi\2.0.4-wso2v4\neethi-2.0.4-wso2v4.jar;C:\Users\lukma\.m2\repository\org\apache\ws\security\wso2\wss4j\1.5.11.wso2v11\wss4j-1.5.11.wso2v11.jar;C:\Users\lukma\.m2\repository\org\wso2\orbit\org\apache\oltu\oauth2\oltu\1.0.0.wso2v3\oltu-1.0.0.wso2v3.jar;C:\Users\lukma\.m2\repository\org\wso2\carbon\identity\org.wso2.carbon.identity.oauth.common\5.0.7\org.wso2.carbon.identity.oauth.common-5.0.7.jar;C:\Users\lukma\.m2\repository\org\wso2\carbon\identity\org.wso2.carbon.idp.mgt\5.0.7\org.wso2.carbon.idp.mgt-5.0.7.jar;C:\Users\lukma\.m2\repository\opensaml\wso2\opensaml2\2.4.1.wso2v1\opensaml2-2.4.1.wso2v1.jar;C:\Users\lukma\.m2\repository\org\wso2\carbon\commons\org.wso2.carbon.tenant.common\4.4.8\org.wso2.carbon.tenant.common-4.4.8.jar;C:\Users\lukma\.m2\repository\org\wso2\carbon\commons\org.wso2.carbon.user.mgt\4.4.8\org.wso2.carbon.user.mgt-4.4.8.jar;C:\Users\lukma\.m2\repository\org\wso2\carbon\commons\org.wso2.carbon.user.mgt.common\4.4.8\org.wso2.carbon.user.mgt.common-4.4.8.jar;C:\Users\lukma\.m2\repository\org\wso2\carbon\commons\org.wso2.carbon.databridge.commons\4.4.8\org.wso2.carbon.databridge.commons-4.4.8.jar;C:\Users\lukma\.m2\repository\com\google\code\gson\gson\2.3.1\gson-2.3.1.jar;C:\Users\lukma\.m2\repository\org\apache\commons\commons-lang3\3.1\commons-lang3-3.1.jar;C:\Users\lukma\.m2\repository\org\wso2\carbon\commons\org.wso2.carbon.databridge.agent.thrift\4.4.8\org.wso2.carbon.databridge.agent.thrift-4.4.8.jar;C:\Users\lukma\.m2\repository\org\wso2\carbon\commons\org.wso2.carbon.databridge.commons.thrift\4.4.8\org.wso2.carbon.databridge.commons.thrift-4.4.8.jar;C:\Users\lukma\.m2\repository\slf4j\wso2\slf4j\1.5.10.wso2v1\slf4j-1.5.10.wso2v1.jar;C:\Users\lukma\.m2\repository\org\wso2\orbit\org\apache\httpcomponents\httpclient\4.3.1.wso2v2\httpclient-4.3.1.wso2v2.jar;C:\Users\lukma\.m2\repository\org\wso2\carbon\identity\org.wso2.carbon.identity.application.mgt\5.0.7\org.wso2.carbon.identity.application.mgt-5.0.7.jar;C:\Users\lukma\.m2\repository\commons-collections\wso2\commons-collections\3.2.0.wso2v1\commons-collections-3.2.0.wso2v1.jar;C:\Users\lukma\.m2\repository\org\wso2\carbon\identity\org.wso2.carbon.directory.server.manager\5.0.7\org.wso2.carbon.directory.server.manager-5.0.7.jar;C:\Users\lukma\.m2\repository\org\wso2\carbon\commons\org.wso2.carbon.wsdl2form\4.4.8\org.wso2.carbon.wsdl2form-4.4.8.jar;C:\Users\lukma\.m2\repository\xalan\wso2\xalan\2.7.1.wso2v1\xalan-2.7.1.wso2v1.jar;C:\Users\lukma\.m2\repository\org\wso2\carbon\identity\org.wso2.carbon.directory.server.manager.common\5.0.7\org.wso2.carbon.directory.server.manager.common-5.0.7.jar;C:\Users\lukma\.m2\repository\org\wso2\carbon\identity\org.wso2.carbon.security.mgt\5.0.7\org.wso2.carbon.security.mgt-5.0.7.jar;C:\Users\lukma\.m2\repository\org\apache\rampart\wso2\rampart-policy\1.6.1.wso2v17\rampart-policy-1.6.1.wso2v17.jar;C:\Users\lukma\.m2\repository\org\apache\rampart\wso2\rampart-trust\1.6.1.wso2v17\rampart-trust-1.6.1.wso2v17.jar;C:\Users\lukma\.m2\repository\org\apache\rampart\rampart-trust\1.6.1-wso2v17\rampart-trust-1.6.1-wso2v17.jar;C:\Users\lukma\.m2\repository\backport-util-concurrent\wso2\backport-util-concurrent\3.1.0.wso2v1\backport-util-concurrent-3.1.0.wso2v1.jar;C:\Users\lukma\.m2\repository\org\wso2\carbon\identity\org.wso2.carbon.user.mgt\5.0.7\org.wso2.carbon.user.mgt-5.0.7.jar;C:\Users\lukma\.m2\repository\org\wso2\carbon\identity\org.wso2.carbon.user.mgt.common\5.0.7\org.wso2.carbon.user.mgt.common-5.0.7.jar;C:\Users\lukma\.m2\repository\au\com\bytecode\opencsv\wso2\opencsv\1.8.wso2v1\opencsv-1.8.wso2v1.jar;C:\Users\lukma\.m2\repository\org\apache\poi\wso2\poi-ooxml\3.9.0.wso2v1\poi-ooxml-3.9.0.wso2v1.jar;C:\Users\lukma\.m2\repository\org\apache\poi\poi-ooxml\3.9\poi-ooxml-3.9.jar;C:\Users\lukma\.m2\repository\org\apache\poi\poi-ooxml-schemas\3.9\poi-ooxml-schemas-3.9.jar;C:\Users\lukma\.m2\repository\org\apache\xmlbeans\xmlbeans\2.3.0\xmlbeans-2.3.0.jar;C:\Users\lukma\.m2\repository\stax\stax-api\1.0.1\stax-api-1.0.1.jar;C:\Users\lukma\.m2\repository\org\wso2\carbon\identity\org.wso2.carbon.identity.application.common\5.0.7\org.wso2.carbon.identity.application.common-5.0.7.jar;C:\Users\lukma\.m2\repository\org\wso2\carbon\identity\org.wso2.carbon.identity.entitlement\5.0.7\org.wso2.carbon.identity.entitlement-5.0.7.jar;C:\Users\lukma\.m2\repository\org\wso2\balana\org.wso2.balana\1.0.2\org.wso2.balana-1.0.2.jar;C:\Users\lukma\.m2\repository\org\wso2\carbon\identity\org.wso2.carbon.identity.authenticator.thrift\5.0.7\org.wso2.carbon.identity.authenticator.thrift-5.0.7.jar;C:\Users\lukma\.m2\repository\org\wso2\carbon\org.wso2.carbon.core.services\4.4.3\org.wso2.carbon.core.services-4.4.3.jar;C:\Users\lukma\.m2\repository\org\wso2\carbon\identity\org.wso2.carbon.identity.entitlement.common\5.0.7\org.wso2.carbon.identity.entitlement.common-5.0.7.jar;C:\Users\lukma\.m2\repository\org\wso2\balana\org.wso2.balana.utils\1.0.2\org.wso2.balana.utils-1.0.2.jar;C:\Users\lukma\.m2\repository\libthrift\wso2\libthrift\0.8.0.wso2v1\libthrift-0.8.0.wso2v1.jar;C:\Users\lukma\.m2\repository\org\apache\thrift\libthrift\0.8.0\libthrift-0.8.0.jar;C:\Users\lukma\.m2\repository\org\apache\httpcomponents\httpclient\4.1.2\httpclient-4.1.2.jar;C:\Users\lukma\.m2\repository\org\apache\httpcomponents\httpcore\4.1.3\httpcore-4.1.3.jar;C:\Users\lukma\.m2\repository\org\apache\axis2\transport\axis2-transport-mail\1.1.0-wso2v13\axis2-transport-mail-1.1.0-wso2v13.jar;C:\Users\lukma\.m2\repository\javax\mail\mail\1.4.1\mail-1.4.1.jar;C:\Users\lukma\.m2\repository\javax\activation\activation\1.1\activation-1.1.jar;C:\Users\lukma\.m2\repository\org\apache\axis2\axis2-transport-base\1.6.1-wso2v12\axis2-transport-base-1.6.1-wso2v12.jar;C:\Users\lukma\.m2\repository\org\apache\axis2\axis2-kernel\1.6.1-wso2v12\axis2-kernel-1.6.1-wso2v12.jar;C:\Users\lukma\.m2\repository\org\apache\geronimo\specs\geronimo-ws-metadata_2.0_spec\1.1.2\geronimo-ws-metadata_2.0_spec-1.1.2.jar;C:\Users\lukma\.m2\repository\wsdl4j\wsdl4j\1.6.2\wsdl4j-1.6.2.jar;C:\Users\lukma\.m2\repository\org\apache\woden\woden-api\1.0M9\woden-api-1.0M9.jar;C:\Users\lukma\.m2\repository\org\apache\ws\commons\schema\XmlSchema\1.4.7\XmlSchema-1.4.7.jar;C:\Users\lukma\.m2\repository\org\apache\woden\woden-impl-dom\1.0M9\woden-impl-dom-1.0M9.jar;C:\Users\lukma\.m2\repository\org\apache\woden\woden-impl-commons\1.0M9\woden-impl-commons-1.0M9.jar;C:\Users\lukma\.m2\repository\javax\ws\rs\jsr311-api\1.0\jsr311-api-1.0.jar;C:\Users\lukma\.m2\repository\org\json\wso2\json\3.0.0.wso2v1\json-3.0.0.wso2v1.jar;C:\Users\lukma\.m2\repository\org\wso2\carbon\identity\org.wso2.carbon.identity.notification.mgt\5.0.7\org.wso2.carbon.identity.notification.mgt-5.0.7.jar;C:\Users\lukma\.m2\repository\tomcat\tomcat-util\3.3.2\tomcat-util-3.3.2.jar;C:\Users\lukma\.m2\repository\org\wso2\orbit\com\github\dblock\waffle\waffle-jna\1.6.wso2v4\waffle-jna-1.6.wso2v4.jar;C:\Users\lukma\.m2\repository\org\wso2\orbit\com\nimbusds\nimbus-jose-jwt\2.26.1.wso2v3\nimbus-jose-jwt-2.26.1.wso2v3.jar;C:\Users\lukma\.m2\repository\net\minidev\json-smart\1.3\json-smart-1.3.jar;C:\Users\lukma\.m2\repository\org\wso2\carbon\org.wso2.carbon.core.common\4.4.3\org.wso2.carbon.core.common-4.4.3.jar;C:\Users\lukma\.m2\repository\javax\servlet\servlet-api\2.5\servlet-api-2.5.jar;C:\Users\lukma\.m2\repository\org\wso2\carbon\identity\org.wso2.carbon.identity.application.authentication.framework\5.0.7\org.wso2.carbon.identity.application.authentication.framework-5.0.7.jar;C:\Users\lukma\.m2\repository\org\wso2\carbon\org.wso2.carbon.ui\4.4.3\org.wso2.carbon.ui-4.4.3.jar;C:\Users\lukma\.m2\repository\org\apache\tiles\wso2\tiles-jsp\2.0.5.wso2v1\tiles-jsp-2.0.5.wso2v1.jar;C:\Users\lukma\.m2\repository\org\wso2\carbon\org.wso2.carbon.authenticator.proxy\4.4.3\org.wso2.carbon.authenticator.proxy-4.4.3.jar;C:\Users\lukma\.m2\repository\org\wso2\carbon\org.wso2.carbon.authenticator.stub\4.4.3\org.wso2.carbon.authenticator.stub-4.4.3.jar;C:\Users\lukma\.m2\repository\org\eclipse\equinox\org.eclipse.equinox.http.servlet\1.1.400.v20130418-1354\org.eclipse.equinox.http.servlet-1.1.400.v20130418-1354.jar;C:\Users\lukma\.m2\repository\org\eclipse\equinox\org.apache.jasper.glassfish\2.2.2.v201205150955\org.apache.jasper.glassfish-2.2.2.v201205150955.jar;C:\Users\lukma\.m2\repository\org\eclipse\equinox\javax.servlet.jsp\2.2.0.v201112011158\javax.servlet.jsp-2.2.0.v201112011158.jar;C:\Users\lukma\.m2\repository\org\wso2\carbon\org.wso2.carbon.core.commons.stub\4.4.3\org.wso2.carbon.core.commons.stub-4.4.3.jar;C:\Users\lukma\.m2\repository\javax\servlet\jsp\jstl\wso2\jstl\1.2.1.wso2v2\jstl-1.2.1.wso2v2.jar;C:\Users\lukma\.m2\repository\org\wso2\carbon\identity\org.wso2.carbon.claim.mgt\5.0.7\org.wso2.carbon.claim.mgt-5.0.7.jar;C:\Users\lukma\.m2\repository\org\wso2\carbon\identity\org.wso2.carbon.identity.user.profile\5.0.7\org.wso2.carbon.identity.user.profile-5.0.7.jar;C:\Users\lukma\.m2\repository\org\wso2\carbon\identity\org.wso2.carbon.identity.user.store.configuration\5.0.7\org.wso2.carbon.identity.user.store.configuration-5.0.7.jar;C:\Users\lukma\.m2\repository\org\wso2\carbon\org.wso2.carbon.ndatasource.core\4.4.3\org.wso2.carbon.ndatasource.core-4.4.3.jar;C:\Users\lukma\.m2\repository\org\wso2\carbon\org.wso2.carbon.ndatasource.common\4.4.3\org.wso2.carbon.ndatasource.common-4.4.3.jar;C:\Users\lukma\.m2\repository\org\wso2\carbon\org.wso2.carbon.ndatasource.rdbms\4.4.3\org.wso2.carbon.ndatasource.rdbms-4.4.3.jar;C:\Users\lukma\.m2\repository\commons-logging\commons-logging\1.1.1\commons-logging-1.1.1.jar;C:\Users\lukma\.m2\repository\org\wso2\carbon\org.wso2.carbon.user.core\4.4.3\org.wso2.carbon.user.core-4.4.3.jar;C:\Users\lukma\.m2\repository\org\wso2\carbon\org.wso2.carbon.user.api\4.4.3\org.wso2.carbon.user.api-4.4.3.jar;C:\Users\lukma\.m2\repository\xerces\wso2\xercesImpl\2.8.1.wso2v2\xercesImpl-2.8.1.wso2v2.jar;C:\Users\lukma\.m2\repository\commons-dbcp\wso2\commons-dbcp\1.4.0.wso2v1\commons-dbcp-1.4.0.wso2v1.jar;C:\Users\lukma\.m2\repository\org\apache\tomcat\wso2\jdbc-pool\7.0.34.wso2v2\jdbc-pool-7.0.34.wso2v2.jar;C:\Users\lukma\.m2\repository\org\apache\tomcat\tomcat-jdbc\7.0.47\tomcat-jdbc-7.0.47.jar;C:\Users\lukma\.m2\repository\org\wso2\securevault\org.wso2.securevault\1.0.0-wso2v2\org.wso2.securevault-1.0.0-wso2v2.jar;C:\Users\lukma\.m2\repository\org\apache\ws\commons\axiom\axiom-api\1.2.11\axiom-api-1.2.11.jar;C:\Users\lukma\.m2\repository\org\apache\geronimo\specs\geronimo-activation_1.1_spec\1.0.2\geronimo-activation_1.1_spec-1.0.2.jar;C:\Users\lukma\.m2\repository\org\apache\geronimo\specs\geronimo-javamail_1.4_spec\1.6\geronimo-javamail_1.4_spec-1.6.jar;C:\Users\lukma\.m2\repository\org\apache\ws\commons\axiom\axiom-impl\1.2.11\axiom-impl-1.2.11.jar;C:\Users\lukma\.m2\repository\org\codehaus\woodstox\wstx-asl\3.2.9\wstx-asl-3.2.9.jar;C:\Users\lukma\.m2\repository\log4j\log4j\1.2.14\log4j-1.2.14.jar;C:\Users\lukma\.m2\repository\jline\jline\0.9.94\jline-0.9.94.jar;C:\Users\lukma\.m2\repository\junit\junit\3.8.1\junit-3.8.1.jar;C:\Users\lukma\.m2\repository\commons-cli\commons-cli\1.0\commons-cli-1.0.jar;C:\Users\lukma\.m2\repository\commons-lang\commons-lang\1.0\commons-lang-1.0.jar;C:\Users\lukma\.m2\repository\commons-io\commons-io\2.0\commons-io-2.0.jar;C:\Users\lukma\.m2\repository\org\wso2\orbit\commons-collections\commons-collections\3.2.2.wso2v1\commons-collections-3.2.2.wso2v1.jar;"/>
    <property name="sun.cpu.endian" value="little"/>
    <property name="user.home" value="C:\Users\lukma"/>
    <property name="user.language" value="en"/>
    <property name="java.specification.vendor" value="Oracle Corporation"/>
    <property name="java.version.date" value="2022-10-18"/>
    <property name="java.home" value="C:\Program Files\Java\jdk-11.0.17"/>
    <property name="file.separator" value="\"/>
    <property name="basedir" value="F:\Swamedia\password-grant-type"/>
    <property name="java.vm.compressedOopsMode" value="Zero based"/>
    <property name="line.separator" value="&#10;"/>
    <property name="java.specification.name" value="Java Platform API Specification"/>
    <property name="java.vm.specification.vendor" value="Oracle Corporation"/>
    <property name="java.awt.graphicsenv" value="sun.awt.Win32GraphicsEnvironment"/>
    <property name="surefire.real.class.path" value="C:\Users\lukma\AppData\Local\Temp\surefire16479821903506960001\surefirebooter-20230330102246683_3.jar"/>
    <property name="user.script" value=""/>
    <property name="sun.management.compiler" value="HotSpot 64-Bit Tiered Compilers"/>
    <property name="java.runtime.version" value="11.0.17+10-LTS-269"/>
    <property name="user.name" value="lukma"/>
    <property name="path.separator" value=";"/>
    <property name="os.version" value="10.0"/>
    <property name="java.runtime.name" value="Java(TM) SE Runtime Environment"/>
    <property name="file.encoding" value="Cp1252"/>
    <property name="java.vm.name" value="Java HotSpot(TM) 64-Bit Server VM"/>
    <property name="java.vendor.version" value="18.9"/>
    <property name="localRepository" value="C:\Users\lukma\.m2\repository"/>
    <property name="java.vendor.url.bug" value="https://bugreport.java.com/bugreport/"/>
    <property name="java.io.tmpdir" value="C:\Users\lukma\AppData\Local\Temp\"/>
    <property name="java.version" value="11.0.17"/>
    <property name="user.dir" value="F:\Swamedia\password-grant-type"/>
    <property name="os.arch" value="amd64"/>
    <property name="java.vm.specification.name" value="Java Virtual Machine Specification"/>
    <property name="java.awt.printerjob" value="sun.awt.windows.WPrinterJob"/>
    <property name="sun.os.patch.level" value=""/>
    <property name="java.library.path" value="C:\Program Files\Java\jdk-11.0.17\bin;C:\WINDOWS\Sun\Java\bin;C:\WINDOWS\system32;C:\WINDOWS;C:\Users\lukma\bin;C:\Program Files\Git\mingw64\bin;C:\Program Files\Git\usr\local\bin;C:\Program Files\Git\usr\bin;C:\Program Files\Git\usr\bin;C:\Program Files\Git\mingw64\bin;C:\Program Files\Git\usr\bin;C:\Users\lukma\bin;C:\Users\lukma\Downloads\Compressed\JEnv;C:\Python311\Scripts;C:\Python311;C:\Windows\system32;C:\Windows;C:\Windows\System32\Wbem;C:\Windows\System32\WindowsPowerShell\v1.0;C:\Windows\System32\OpenSSH;C:\Program Files (x86)\NVIDIA Corporation\PhysX\Common;C:\WINDOWS\system32;C:\WINDOWS;C:\WINDOWS\System32\Wbem;C:\WINDOWS\System32\WindowsPowerShell\v1.0;C:\WINDOWS\System32\OpenSSH;C:\Program Files\Git\cmd;C:\Program Files\Java\jdk1.8.0_141\bin;C:\Program Files\Java\jdk1.8.0_202\bin;C:\Program Files\Java\jdk-11.0.17\bin;C:\Program Files\Maven\apache-maven-3.9.0\bin;C:\Program Files\nodejs;C:\ProgramData\chocolatey\bin;F:\Swamedia\apictl;F:\Swamedia\wso2am-micro-gw-windows-3.2.6\bin;C:\Program Files\MySQL\MySQL Server 8.0\bin;C:\Users\lukma\AppData\Local\Microsoft\WindowsApps;C:\Program Files\Git\usr\bin\vendor_perl;C:\Program Files\Git\usr\bin\core_perl;."/>
    <property name="java.vendor" value="Oracle Corporation"/>
    <property name="java.vm.info" value="mixed mode"/>
    <property name="java.vm.version" value="11.0.17+10-LTS-269"/>
    <property name="sun.io.unicode.encoding" value="UnicodeLittle"/>
    <property name="java.class.version" value="55.0"/>
  </properties>
  <testcase name="testApp" classname="jar.AppTest" time="0.009"/>
</testsuite>